<?xml version="1.0" encoding="UTF-8"?>
<!-- Generated by org.testng.reporters.JUnitReportReporter -->
<testsuite skipped="0" hostname="DESKTOP-971K0MV" name="homepagetest.HomepageUserIsDisplayed" tests="1" failures="0" timestamp="2021-09-07T14:20:34 IST" time="118.093" errors="0">
  <testcase name="userIsDisplayed" time="118.093" classname="homepagetest.HomepageUserIsDisplayed"/>
  <system-out/>
</testsuite> <!-- homepagetest.HomepageUserIsDisplayed -->
