<?xml version="1.0" encoding="UTF-8"?>
<!-- Generated by org.testng.reporters.JUnitReportReporter -->
<testsuite skipped="0" hostname="DESKTOP-971K0MV" name="logintest.LoginFieldsDisplayed" tests="1" failures="0" timestamp="2021-09-07T08:14:23 IST" time="11.183" errors="0">
  <testcase name="loginfields" time="11.183" classname="logintest.LoginFieldsDisplayed"/>
  <system-out/>
</testsuite> <!-- logintest.LoginFieldsDisplayed -->
