<?xml version="1.0" encoding="UTF-8"?>
<!-- Generated by org.testng.reporters.JUnitReportReporter -->
<testsuite skipped="0" hostname="DESKTOP-971K0MV" name="usercreation_test.NewUserCreation" tests="1" failures="0" timestamp="2021-09-15T18:33:22 IST" time="63.457" errors="0">
  <testcase name="createUser" time="63.457" classname="usercreation_test.NewUserCreation"/>
  <system-out/>
</testsuite> <!-- usercreation_test.NewUserCreation -->
