<?xml version="1.0" encoding="UTF-8"?>
<!-- Generated by org.testng.reporters.JUnitReportReporter -->
<testsuite skipped="0" hostname="DESKTOP-971K0MV" name="logintest.LoginSuccessTest" tests="1" failures="0" timestamp="2021-09-16T08:42:25 IST" time="68.443" errors="0">
  <testcase name="loginsuccessfull" time="68.443" classname="logintest.LoginSuccessTest"/>
  <system-out/>
</testsuite> <!-- logintest.LoginSuccessTest -->
