<?xml version="1.0" encoding="UTF-8"?>
<!-- Generated by org.testng.reporters.JUnitReportReporter -->
<testsuite skipped="0" hostname="DESKTOP-971K0MV" name="homepagetest.HomepageDemoIsdisplayed" tests="1" failures="0" timestamp="2021-09-08T08:21:42 IST" time="40.603" errors="0">
  <testcase name="demoIsDisplayed" time="40.603" classname="homepagetest.HomepageDemoIsdisplayed"/>
  <system-out/>
</testsuite> <!-- homepagetest.HomepageDemoIsdisplayed -->
