<?xml version="1.0" encoding="UTF-8"?>
<!-- Generated by org.testng.reporters.JUnitReportReporter -->
<testsuite skipped="0" hostname="DESKTOP-971K0MV" name="homepagetest.TitleValidationInHomepage" tests="1" failures="0" timestamp="2021-09-10T15:17:40 IST" time="38.749" errors="0">
  <testcase name="validateTitle" time="38.749" classname="homepagetest.TitleValidationInHomepage"/>
  <system-out/>
</testsuite> <!-- homepagetest.TitleValidationInHomepage -->
