<?xml version="1.0" encoding="UTF-8"?>
<!-- Generated by org.testng.reporters.JUnitReportReporter -->
<testsuite skipped="0" hostname="DESKTOP-971K0MV" name="logintest.LoginSuccessTest" tests="1" failures="0" timestamp="2021-09-07T09:07:54 IST" time="19.939" errors="0">
  <testcase name="loginsuccessfull" time="19.939" classname="logintest.LoginSuccessTest"/>
  <system-out/>
</testsuite> <!-- logintest.LoginSuccessTest -->
