<?xml version="1.0" encoding="UTF-8"?>
<!-- Generated by org.testng.reporters.JUnitReportReporter -->
<testsuite skipped="0" hostname="DESKTOP-971K0MV" name="logintest.UsernameValidation" tests="1" failures="0" timestamp="2021-09-12T12:06:53 IST" time="22.666" errors="0">
  <testcase name="username" time="22.666" classname="logintest.UsernameValidation"/>
  <system-out/>
</testsuite> <!-- logintest.UsernameValidation -->
