<?xml version="1.0" encoding="UTF-8"?>
<!-- Generated by org.testng.reporters.JUnitReportReporter -->
<testsuite skipped="0" hostname="DESKTOP-971K0MV" name="logintest.PasswordValidation" tests="1" failures="0" timestamp="2021-09-07T08:55:23 IST" time="6.171" errors="0">
  <testcase name="password" time="6.171" classname="logintest.PasswordValidation"/>
  <system-out/>
</testsuite> <!-- logintest.PasswordValidation -->
