<?xml version="1.0" encoding="UTF-8"?>
<!-- Generated by org.testng.reporters.JUnitReportReporter -->
<testsuite skipped="0" hostname="DESKTOP-971K0MV" name="homepagetest.HomepageDemoIsdisplayed" tests="1" failures="0" timestamp="2021-09-15T09:01:07 IST" time="53.261" errors="0">
  <testcase name="demoIsDisplayed" time="53.261" classname="homepagetest.HomepageDemoIsdisplayed"/>
  <system-out/>
</testsuite> <!-- homepagetest.HomepageDemoIsdisplayed -->
