<?xml version="1.0" encoding="UTF-8"?>
<!-- Generated by org.testng.reporters.JUnitReportReporter -->
<testsuite skipped="0" hostname="DESKTOP-971K0MV" name="logintest.LoginWithMultipleUsers" tests="2" failures="0" timestamp="2021-09-09T08:19:19 IST" time="57.056" errors="0">
  <testcase name="loginsuccessfull" time="25.006" classname="logintest.LoginWithMultipleUsers"/>
  <system-out/>
  <testcase name="loginsuccessfull" time="32.050" classname="logintest.LoginWithMultipleUsers"/>
  <system-out/>
</testsuite> <!-- logintest.LoginWithMultipleUsers -->
