<?xml version="1.0" encoding="UTF-8"?>
<!-- Generated by org.testng.reporters.JUnitReportReporter -->
<testsuite skipped="0" hostname="DESKTOP-971K0MV" name="homepagetest.MouseActions" tests="1" failures="0" timestamp="2021-09-12T19:33:26 IST" time="22.226" errors="0">
  <testcase name="mouseactions" time="22.226" classname="homepagetest.MouseActions"/>
  <system-out/>
</testsuite> <!-- homepagetest.MouseActions -->
