<?xml version="1.0" encoding="UTF-8"?>
<!-- Generated by org.testng.reporters.JUnitReportReporter -->
<testsuite skipped="0" hostname="DESKTOP-971K0MV" name="logintest.Sign_In_ButtonValidation" tests="1" failures="0" timestamp="2021-09-07T08:55:23 IST" time="6.062" errors="0">
  <testcase name="signIn" time="6.062" classname="logintest.Sign_In_ButtonValidation"/>
  <system-out/>
</testsuite> <!-- logintest.Sign_In_ButtonValidation -->
