<?xml version="1.0" encoding="UTF-8"?>
<!-- Generated by org.testng.reporters.JUnitReportReporter -->
<testsuite skipped="0" hostname="DESKTOP-971K0MV" name="usercreation_test.SearchUser" tests="1" failures="0" timestamp="2021-09-18T20:41:49 IST" time="82.887" errors="0">
  <testcase name="searchUser" time="82.887" classname="usercreation_test.SearchUser"/>
  <system-out/>
</testsuite> <!-- usercreation_test.SearchUser -->
