<?xml version="1.0" encoding="UTF-8"?>
<!-- Generated by org.testng.reporters.JUnitReportReporter -->
<testsuite skipped="0" hostname="DESKTOP-971K0MV" name="logintest.LoginWithIncorrectCreds" tests="1" failures="0" timestamp="2021-09-07T11:46:31 IST" time="16.213" errors="0">
  <testcase name="loginsuccessfull" time="16.213" classname="logintest.LoginWithIncorrectCreds"/>
  <system-out/>
</testsuite> <!-- logintest.LoginWithIncorrectCreds -->
